[35m[Appium][39m Welcome to Appium v2.5.0
[35m[Appium][39m Non-default server args:
[35m[Appium][39m { basePath: [32m'/wd/hub'[39m, loglevel: [32m'info'[39m, port: [33m52904[39m }
[35m[Appium][39m Attempting to load driver uiautomator2...
[35m[Appium][39m Appium REST http interface listener started on http://0.0.0.0:52904/wd/hub
[35m[Appium][39m You can provide the following URLs in your client code to connect to this server:
[35m[Appium][39m 	http://192.168.93.230:52904/wd/hub
[35m[Appium][39m 	http://127.0.0.1:52904/wd/hub (only accessible from the same host)
[35m[Appium][39m Available drivers:
[35m[Appium][39m   - uiautomator2@3.0.0 (automationName 'UiAutomator2')
[35m[Appium][39m No plugins have been installed. Use the "appium plugin" command to install the one(s) you want to use.
[38;5;0m[HTTP][0m [37m-->[39m [37mGET[39m [37m/wd/hub/status[39m
[38;5;0m[HTTP][0m [90m{}[39m
[38;5;0m[HTTP][0m [37m<-- GET /wd/hub/status [39m[32m200[39m [90m3 ms - 110[39m
[38;5;0m[HTTP][0m [90m[39m
[38;5;0m[HTTP][0m [37m-->[39m [37mGET[39m [37m/wd/hub/status[39m
[38;5;0m[HTTP][0m [90m{}[39m
[38;5;0m[HTTP][0m [37m<-- GET /wd/hub/status [39m[32m200[39m [90m1 ms - 110[39m
[38;5;0m[HTTP][0m [90m[39m
[38;5;0m[HTTP][0m [37m-->[39m [37mPOST[39m [37m/wd/hub/session[39m
[38;5;0m[HTTP][0m [90m{"desiredCapabilities":{"appium:systemPort":8276,"appium:udid":"RR8R609BVQV","appium:autoGrantPermissions":true,"appium:newCommandTimeout":1800,"appium:platformName":"ANDROID","appium:appActivity":".Settings","appium:deviceName":"samsung SM-A225F (Android 13)","platformName":"Android","appium:automationName":"uiautomator2","appium:platformVersion":"13","appium:appPackage":"com.android.settings"},"capabilities":{"firstMatch":[{"appium:appActivity":".Settings","appium:appPackage":"com.android.settings","appium:autoGrantPermissions":true,"appium:automationName":"uiautomator2","appium:deviceName":"samsung SM-A225F (Android 13)","appium:newCommandTimeout":1800,"appium:platformName":"ANDROID","appium:platformVersion":"13","appium:systemPort":8276,"appium:udid":"RR8R609BVQV","platformName":"android"}]}}[39m
[38;5;32m[BaseDriver][0m Ignoring capability 'appium:platformName=ANDROID' and using capability 'platformName=android'
[38;5;32m[BaseDriver][0m The capabilities ["platformName"] are standard capabilities and do not require "appium:" prefix
[35m[Appium][39m Attempting to find matching driver for automationName 'uiautomator2' and platformName 'android'
[35m[Appium][39m The 'uiautomator2' driver was installed and matched caps.
[35m[Appium][39m Will require it at C:\Users\ASUS\.appium\node_modules\appium-uiautomator2-driver
[38;5;16m[AppiumDriver@c4ba][0m Appium v2.5.0 creating new AndroidUiautomator2Driver (v3.0.0) session
[38;5;16m[AppiumDriver@c4ba][0m Checking BaseDriver versions for Appium and AndroidUiautomator2Driver
[38;5;16m[AppiumDriver@c4ba][0m Appium's BaseDriver version is 9.5.1
[38;5;16m[AppiumDriver@c4ba][0m AndroidUiautomator2Driver's BaseDriver version is 9.5.1
[38;5;48m[AndroidUiautomator2Driver@5f5a (0fa49004)][0m Session created with session id: 0fa49004-6bcc-44bf-b1b2-6fe868ede255
[38;5;64m[ADB][0m Found 1 'build-tools' folders under 'C:\Users\ASUS\.katalon\tools\android_sdk' (newest first):
[38;5;64m[ADB][0m     C:\Users\ASUS\.katalon\tools\android_sdk\build-tools\29.0.3
[38;5;64m[ADB][0m Using 'adb.exe' from 'C:\Users\ASUS\.katalon\tools\android_sdk\platform-tools\adb.exe'
[38;5;48m[AndroidUiautomator2Driver@5f5a (0fa49004)][0m Retrieving device list
[38;5;48m[AndroidUiautomator2Driver@5f5a (0fa49004)][0m Using device: RR8R609BVQV
[38;5;64m[ADB][0m Using 'adb.exe' from 'C:\Users\ASUS\.katalon\tools\android_sdk\platform-tools\adb.exe'
[38;5;48m[AndroidUiautomator2Driver@5f5a (0fa49004)][0m Starting 'com.android.settings' directly on the device
[38;5;64m[ADB][0m Getting device platform version
[38;5;48m[AndroidUiautomator2Driver@5f5a (0fa49004)][0m Relaxing hidden api policy
[38;5;48m[AndroidUiautomator2Driver@5f5a (0fa49004)][0m No app sent in, not parsing package/activity
[38;5;64m[ADB][0m Using 'apksigner.jar' from 'C:\Users\ASUS\.katalon\tools\android_sdk\build-tools\29.0.3\lib\apksigner.jar'
[38;5;64m[ADB][0m 'C:\Users\ASUS\.appium\node_modules\appium-uiautomator2-driver\node_modules\appium-uiautomator2-server\apks\appium-uiautomator2-server-debug-androidTest.apk' is signed with the default certificate
[38;5;64m[ADB][0m com.android.settings contains no permissions available for granting
[38;5;64m[ADB][0m 'C:\Users\ASUS\.appium\node_modules\appium-uiautomator2-driver\node_modules\appium-uiautomator2-server\apks\appium-uiautomator2-server-v7.0.0.apk' is signed with the default certificate
[38;5;48m[AndroidUiautomator2Driver@5f5a (0fa49004)][0m Server packages are not going to be (re)installed
[38;5;64m[ADB][0m Adding packages ["io.appium.settings","io.appium.uiautomator2.server","io.appium.uiautomator2.server.test"] to Doze whitelist
[38;5;48m[AndroidUiautomator2Driver@5f5a (0fa49004)][0m Starting UIAutomator2 server 7.0.0
[38;5;48m[AndroidUiautomator2Driver@5f5a (0fa49004)][0m Using UIAutomator2 server from 'C:\Users\ASUS\.appium\node_modules\appium-uiautomator2-driver\node_modules\appium-uiautomator2-server\apks\appium-uiautomator2-server-v7.0.0.apk' and test from 'C:\Users\ASUS\.appium\node_modules\appium-uiautomator2-driver\node_modules\appium-uiautomator2-server\apks\appium-uiautomator2-server-debug-androidTest.apk'
[38;5;48m[AndroidUiautomator2Driver@5f5a (0fa49004)][0m Waiting up to 30000ms for UiAutomator2 to be online...
[38;5;48m[AndroidUiautomator2Driver@5f5a (0fa49004)][0m socket hang up
[38;5;48m[AndroidUiautomator2Driver@5f5a (0fa49004)][0m socket hang up
[38;5;48m[AndroidUiautomator2Driver@5f5a (0fa49004)][0m socket hang up
[38;5;48m[AndroidUiautomator2Driver@5f5a (0fa49004)][0m Determined the downstream protocol as 'W3C'
[38;5;48m[AndroidUiautomator2Driver@5f5a (0fa49004)][0m Screen already unlocked, doing nothing
[38;5;48m[AndroidUiautomator2Driver@5f5a (0fa49004)][0m Starting 'com.android.settings/.Settings and waiting for 'com.android.settings/.Settings'
[38;5;16m[AppiumDriver@c4ba][0m New AndroidUiautomator2Driver session created successfully, session 0fa49004-6bcc-44bf-b1b2-6fe868ede255 added to master session list
[38;5;0m[HTTP][0m [37m<-- POST /wd/hub/session [39m[32m200[39m [90m6324 ms - 1084[39m
[38;5;0m[HTTP][0m [90m[39m
[38;5;0m[HTTP][0m [37m-->[39m [37mGET[39m [37m/wd/hub/session/0fa49004-6bcc-44bf-b1b2-6fe868ede255[39m
[38;5;0m[HTTP][0m [90m{}[39m
[38;5;0m[HTTP][0m [37m<-- GET /wd/hub/session/0fa49004-6bcc-44bf-b1b2-6fe868ede255 [39m[32m200[39m [90m17 ms - 312[39m
[38;5;0m[HTTP][0m [90m[39m
[38;5;0m[HTTP][0m [37m-->[39m [37mGET[39m [37m/wd/hub/session/0fa49004-6bcc-44bf-b1b2-6fe868ede255[39m
[38;5;0m[HTTP][0m [90m{}[39m
[38;5;0m[HTTP][0m [37m<-- GET /wd/hub/session/0fa49004-6bcc-44bf-b1b2-6fe868ede255 [39m[32m200[39m [90m25 ms - 312[39m
[38;5;0m[HTTP][0m [90m[39m
[38;5;0m[HTTP][0m [37m-->[39m [37mGET[39m [37m/wd/hub/status[39m
[38;5;0m[HTTP][0m [90m{}[39m
[38;5;0m[HTTP][0m [37m<-- GET /wd/hub/status [39m[32m200[39m [90m1 ms - 110[39m
[38;5;0m[HTTP][0m [90m[39m
[38;5;0m[HTTP][0m [37m-->[39m [37mPOST[39m [37m/wd/hub/session/0fa49004-6bcc-44bf-b1b2-6fe868ede255/timeouts[39m
[38;5;0m[HTTP][0m [90m{"implicit":60000}[39m
[38;5;0m[HTTP][0m [37m<-- POST /wd/hub/session/0fa49004-6bcc-44bf-b1b2-6fe868ede255/timeouts [39m[32m200[39m [90m2 ms - 14[39m
[38;5;0m[HTTP][0m [90m[39m
[38;5;0m[HTTP][0m [37m-->[39m [37mGET[39m [37m/wd/hub/session/0fa49004-6bcc-44bf-b1b2-6fe868ede255/appium/device/system_bars[39m
[38;5;0m[HTTP][0m [90m{}[39m
[38;5;0m[HTTP][0m [37m<-- GET /wd/hub/session/0fa49004-6bcc-44bf-b1b2-6fe868ede255/appium/device/system_bars [39m[32m200[39m [90m98 ms - 148[39m
[38;5;0m[HTTP][0m [90m[39m
[38;5;0m[HTTP][0m [37m-->[39m [37mPOST[39m [37m/wd/hub/session/0fa49004-6bcc-44bf-b1b2-6fe868ede255/appium/device/activate_app[39m
[38;5;0m[HTTP][0m [90m{"bundleId":"com.Advantage.aShopping"}[39m
[38;5;0m[HTTP][0m [37m<-- POST /wd/hub/session/0fa49004-6bcc-44bf-b1b2-6fe868ede255/appium/device/activate_app [39m[32m200[39m [90m144 ms - 14[39m
[38;5;0m[HTTP][0m [90m[39m
[38;5;0m[HTTP][0m [37m-->[39m [37mGET[39m [37m/wd/hub/session/0fa49004-6bcc-44bf-b1b2-6fe868ede255/source[39m
[38;5;0m[HTTP][0m [90m{}[39m
[38;5;48m[AndroidUiautomator2Driver@5f5a (0fa49004)][0m Driver proxy active, passing request on via HTTP proxy
[38;5;48m[AndroidUiautomator2Driver@5f5a (0fa49004)][0m Replacing sessionId c422a310-3f6b-4de4-a519-db219a9e42a9 with 0fa49004-6bcc-44bf-b1b2-6fe868ede255
[38;5;0m[HTTP][0m [37m<-- GET /wd/hub/session/0fa49004-6bcc-44bf-b1b2-6fe868ede255/source [39m[32m200[39m [90m1483 ms - 15691[39m
[38;5;0m[HTTP][0m [90m[39m
[38;5;0m[HTTP][0m [37m-->[39m [37mGET[39m [37m/wd/hub/session/0fa49004-6bcc-44bf-b1b2-6fe868ede255/screenshot[39m
[38;5;0m[HTTP][0m [90m{}[39m
[38;5;0m[HTTP][0m [37m<-- GET /wd/hub/session/0fa49004-6bcc-44bf-b1b2-6fe868ede255/screenshot [39m[32m200[39m [90m479 ms - 107656[39m
[38;5;0m[HTTP][0m [90m[39m
[38;5;0m[HTTP][0m [37m-->[39m [37mGET[39m [37m/wd/hub/session/0fa49004-6bcc-44bf-b1b2-6fe868ede255/context[39m
[38;5;0m[HTTP][0m [90m{}[39m
[38;5;0m[HTTP][0m [37m<-- GET /wd/hub/session/0fa49004-6bcc-44bf-b1b2-6fe868ede255/context [39m[32m200[39m [90m1 ms - 22[39m
[38;5;0m[HTTP][0m [90m[39m
[38;5;0m[HTTP][0m [37m-->[39m [37mGET[39m [37m/wd/hub/session/0fa49004-6bcc-44bf-b1b2-6fe868ede255/contexts[39m
[38;5;0m[HTTP][0m [90m{}[39m
[38;5;0m[HTTP][0m [37m<-- GET /wd/hub/session/0fa49004-6bcc-44bf-b1b2-6fe868ede255/contexts [39m[32m200[39m [90m245 ms - 41[39m
[38;5;0m[HTTP][0m [90m[39m
[38;5;0m[HTTP][0m [37m-->[39m [37mPOST[39m [37m/wd/hub/session/0fa49004-6bcc-44bf-b1b2-6fe868ede255/context[39m
[38;5;0m[HTTP][0m [90m{"name":"NATIVE_APP"}[39m
[38;5;0m[HTTP][0m [37m<-- POST /wd/hub/session/0fa49004-6bcc-44bf-b1b2-6fe868ede255/context [39m[32m200[39m [90m1 ms - 14[39m
[38;5;0m[HTTP][0m [90m[39m
[38;5;0m[HTTP][0m [37m-->[39m [37mPOST[39m [37m/wd/hub/session/0fa49004-6bcc-44bf-b1b2-6fe868ede255/appium/device/press_keycode[39m
[38;5;0m[HTTP][0m [90m{"keycode":4}[39m
[38;5;0m[HTTP][0m [37m<-- POST /wd/hub/session/0fa49004-6bcc-44bf-b1b2-6fe868ede255/appium/device/press_keycode [39m[32m200[39m [90m96 ms - 14[39m
[38;5;0m[HTTP][0m [90m[39m
[38;5;0m[HTTP][0m [37m-->[39m [37mPOST[39m [37m/wd/hub/session/0fa49004-6bcc-44bf-b1b2-6fe868ede255/context[39m
[38;5;0m[HTTP][0m [90m{"name":"NATIVE_APP"}[39m
[38;5;0m[HTTP][0m [37m<-- POST /wd/hub/session/0fa49004-6bcc-44bf-b1b2-6fe868ede255/context [39m[32m200[39m [90m1 ms - 14[39m
[38;5;0m[HTTP][0m [90m[39m
[38;5;0m[HTTP][0m [37m-->[39m [37mGET[39m [37m/wd/hub/session/0fa49004-6bcc-44bf-b1b2-6fe868ede255/source[39m
[38;5;0m[HTTP][0m [90m{}[39m
[38;5;48m[AndroidUiautomator2Driver@5f5a (0fa49004)][0m Driver proxy active, passing request on via HTTP proxy
[38;5;48m[AndroidUiautomator2Driver@5f5a (0fa49004)][0m Replacing sessionId c422a310-3f6b-4de4-a519-db219a9e42a9 with 0fa49004-6bcc-44bf-b1b2-6fe868ede255
[38;5;0m[HTTP][0m [37m<-- GET /wd/hub/session/0fa49004-6bcc-44bf-b1b2-6fe868ede255/source [39m[32m200[39m [90m407 ms - 15691[39m
[38;5;0m[HTTP][0m [90m[39m
[38;5;0m[HTTP][0m [37m-->[39m [37mGET[39m [37m/wd/hub/session/0fa49004-6bcc-44bf-b1b2-6fe868ede255/screenshot[39m
[38;5;0m[HTTP][0m [90m{}[39m
[38;5;0m[HTTP][0m [37m<-- GET /wd/hub/session/0fa49004-6bcc-44bf-b1b2-6fe868ede255/screenshot [39m[32m200[39m [90m413 ms - 61644[39m
[38;5;0m[HTTP][0m [90m[39m
[38;5;0m[HTTP][0m [37m-->[39m [37mGET[39m [37m/wd/hub/session/0fa49004-6bcc-44bf-b1b2-6fe868ede255/context[39m
[38;5;0m[HTTP][0m [90m{}[39m
[38;5;0m[HTTP][0m [37m<-- GET /wd/hub/session/0fa49004-6bcc-44bf-b1b2-6fe868ede255/context [39m[32m200[39m [90m1 ms - 22[39m
[38;5;0m[HTTP][0m [90m[39m
[38;5;0m[HTTP][0m [37m-->[39m [37mGET[39m [37m/wd/hub/session/0fa49004-6bcc-44bf-b1b2-6fe868ede255/contexts[39m
[38;5;0m[HTTP][0m [90m{}[39m
[38;5;0m[HTTP][0m [37m<-- GET /wd/hub/session/0fa49004-6bcc-44bf-b1b2-6fe868ede255/contexts [39m[32m200[39m [90m272 ms - 41[39m
[38;5;0m[HTTP][0m [90m[39m
[38;5;0m[HTTP][0m [37m-->[39m [37mPOST[39m [37m/wd/hub/session/0fa49004-6bcc-44bf-b1b2-6fe868ede255/context[39m
[38;5;0m[HTTP][0m [90m{"name":"NATIVE_APP"}[39m
[38;5;0m[HTTP][0m [37m<-- POST /wd/hub/session/0fa49004-6bcc-44bf-b1b2-6fe868ede255/context [39m[32m200[39m [90m1 ms - 14[39m
[38;5;0m[HTTP][0m [90m[39m
[38;5;0m[HTTP][0m [37m-->[39m [37mPOST[39m [37m/wd/hub/session/0fa49004-6bcc-44bf-b1b2-6fe868ede255/appium/device/press_keycode[39m
[38;5;0m[HTTP][0m [90m{"keycode":4}[39m
[38;5;0m[HTTP][0m [37m<-- POST /wd/hub/session/0fa49004-6bcc-44bf-b1b2-6fe868ede255/appium/device/press_keycode [39m[32m200[39m [90m533 ms - 14[39m
[38;5;0m[HTTP][0m [90m[39m
[38;5;0m[HTTP][0m [37m-->[39m [37mPOST[39m [37m/wd/hub/session/0fa49004-6bcc-44bf-b1b2-6fe868ede255/context[39m
[38;5;0m[HTTP][0m [90m{"name":"NATIVE_APP"}[39m
[38;5;0m[HTTP][0m [37m<-- POST /wd/hub/session/0fa49004-6bcc-44bf-b1b2-6fe868ede255/context [39m[32m200[39m [90m1 ms - 14[39m
[38;5;0m[HTTP][0m [90m[39m
[38;5;0m[HTTP][0m [37m-->[39m [37mGET[39m [37m/wd/hub/session/0fa49004-6bcc-44bf-b1b2-6fe868ede255/source[39m
[38;5;0m[HTTP][0m [90m{}[39m
[38;5;48m[AndroidUiautomator2Driver@5f5a (0fa49004)][0m Driver proxy active, passing request on via HTTP proxy
[38;5;48m[AndroidUiautomator2Driver@5f5a (0fa49004)][0m Replacing sessionId c422a310-3f6b-4de4-a519-db219a9e42a9 with 0fa49004-6bcc-44bf-b1b2-6fe868ede255
[38;5;0m[HTTP][0m [37m<-- GET /wd/hub/session/0fa49004-6bcc-44bf-b1b2-6fe868ede255/source [39m[32m200[39m [90m240 ms - 15971[39m
[38;5;0m[HTTP][0m [90m[39m
[38;5;0m[HTTP][0m [37m-->[39m [37mGET[39m [37m/wd/hub/session/0fa49004-6bcc-44bf-b1b2-6fe868ede255/screenshot[39m
[38;5;0m[HTTP][0m [90m{}[39m
[38;5;0m[HTTP][0m [37m<-- GET /wd/hub/session/0fa49004-6bcc-44bf-b1b2-6fe868ede255/screenshot [39m[32m200[39m [90m1301 ms - 1308076[39m
[38;5;0m[HTTP][0m [90m[39m
[38;5;0m[HTTP][0m [37m-->[39m [37mPOST[39m [37m/wd/hub/session/0fa49004-6bcc-44bf-b1b2-6fe868ede255/elements[39m
[38;5;0m[HTTP][0m [90m{"using":"xpath","value":"//*[@class = 'android.widget.ImageView' and @resource-id = 'com.Advantage.aShopping:id/imageViewMenu' and (@text = '' or . = '')]"}[39m
[38;5;0m[HTTP][0m [37m<-- POST /wd/hub/session/0fa49004-6bcc-44bf-b1b2-6fe868ede255/elements [39m[32m200[39m [90m584 ms - 139[39m
[38;5;0m[HTTP][0m [90m[39m
[38;5;0m[HTTP][0m [37m-->[39m [37mGET[39m [37m/wd/hub/session/0fa49004-6bcc-44bf-b1b2-6fe868ede255/window/rect[39m
[38;5;0m[HTTP][0m [90m{}[39m
[38;5;0m[HTTP][0m [37m<-- GET /wd/hub/session/0fa49004-6bcc-44bf-b1b2-6fe868ede255/window/rect [39m[32m200[39m [90m13 ms - 49[39m
[38;5;0m[HTTP][0m [90m[39m
[38;5;0m[HTTP][0m [37m-->[39m [37mPOST[39m [37m/wd/hub/session/0fa49004-6bcc-44bf-b1b2-6fe868ede255/elements[39m
[38;5;0m[HTTP][0m [90m{"using":"xpath","value":"//*[@class = 'android.widget.ImageView' and @resource-id = 'com.Advantage.aShopping:id/imageViewMenu' and (@text = '' or . = '')]"}[39m
[38;5;0m[HTTP][0m [37m<-- POST /wd/hub/session/0fa49004-6bcc-44bf-b1b2-6fe868ede255/elements [39m[32m200[39m [90m206 ms - 139[39m
[38;5;0m[HTTP][0m [90m[39m
[38;5;0m[HTTP][0m [37m-->[39m [37mGET[39m [37m/wd/hub/session/0fa49004-6bcc-44bf-b1b2-6fe868ede255/element/00000000-0000-0d71-ffff-ffff00000018/location[39m
[38;5;0m[HTTP][0m [90m{}[39m
[38;5;48m[AndroidUiautomator2Driver@5f5a (0fa49004)][0m Driver proxy active, passing request on via HTTP proxy
[38;5;48m[AndroidUiautomator2Driver@5f5a (0fa49004)][0m Replacing sessionId c422a310-3f6b-4de4-a519-db219a9e42a9 with 0fa49004-6bcc-44bf-b1b2-6fe868ede255
[38;5;0m[HTTP][0m [37m<-- GET /wd/hub/session/0fa49004-6bcc-44bf-b1b2-6fe868ede255/element/00000000-0000-0d71-ffff-ffff00000018/location [39m[32m200[39m [90m22 ms - 75[39m
[38;5;0m[HTTP][0m [90m[39m
[38;5;0m[HTTP][0m [37m-->[39m [37mPOST[39m [37m/wd/hub/session/0fa49004-6bcc-44bf-b1b2-6fe868ede255/element/00000000-0000-0d71-ffff-ffff00000018/click[39m
[38;5;0m[HTTP][0m [90m{"id":"00000000-0000-0d71-ffff-ffff00000018"}[39m
[38;5;0m[HTTP][0m [37m<-- POST /wd/hub/session/0fa49004-6bcc-44bf-b1b2-6fe868ede255/element/00000000-0000-0d71-ffff-ffff00000018/click [39m[32m200[39m [90m72 ms - 14[39m
[38;5;0m[HTTP][0m [90m[39m
[38;5;0m[HTTP][0m [37m-->[39m [37mGET[39m [37m/wd/hub/session/0fa49004-6bcc-44bf-b1b2-6fe868ede255/source[39m
[38;5;0m[HTTP][0m [90m{}[39m
[38;5;48m[AndroidUiautomator2Driver@5f5a (0fa49004)][0m Driver proxy active, passing request on via HTTP proxy
[38;5;48m[AndroidUiautomator2Driver@5f5a (0fa49004)][0m Replacing sessionId c422a310-3f6b-4de4-a519-db219a9e42a9 with 0fa49004-6bcc-44bf-b1b2-6fe868ede255
[38;5;0m[HTTP][0m [37m<-- GET /wd/hub/session/0fa49004-6bcc-44bf-b1b2-6fe868ede255/source [39m[32m200[39m [90m381 ms - 32915[39m
[38;5;0m[HTTP][0m [90m[39m
[38;5;0m[HTTP][0m [37m-->[39m [37mGET[39m [37m/wd/hub/session/0fa49004-6bcc-44bf-b1b2-6fe868ede255/screenshot[39m
[38;5;0m[HTTP][0m [90m{}[39m
[38;5;0m[HTTP][0m [37m<-- GET /wd/hub/session/0fa49004-6bcc-44bf-b1b2-6fe868ede255/screenshot [39m[32m200[39m [90m643 ms - 430316[39m
[38;5;0m[HTTP][0m [90m[39m
[38;5;0m[HTTP][0m [37m-->[39m [37mPOST[39m [37m/wd/hub/session/0fa49004-6bcc-44bf-b1b2-6fe868ede255/elements[39m
[38;5;0m[HTTP][0m [90m{"using":"xpath","value":"//*[@class = 'android.widget.ImageView' and (@text = '' or . = '')]"}[39m
[38;5;0m[HTTP][0m [37m<-- POST /wd/hub/session/0fa49004-6bcc-44bf-b1b2-6fe868ede255/elements [39m[32m200[39m [90m284 ms - 1675[39m
[38;5;0m[HTTP][0m [90m[39m
[38;5;0m[HTTP][0m [37m-->[39m [37mPOST[39m [37m/wd/hub/session/0fa49004-6bcc-44bf-b1b2-6fe868ede255/elements[39m
[38;5;0m[HTTP][0m [90m{"using":"-android uiautomator","value":"new UiSelector().className(\"android.widget.ImageView\")"}[39m
[38;5;0m[HTTP][0m [37m<-- POST /wd/hub/session/0fa49004-6bcc-44bf-b1b2-6fe868ede255/elements [39m[32m200[39m [90m295 ms - 1675[39m
[38;5;0m[HTTP][0m [90m[39m
[38;5;0m[HTTP][0m [37m-->[39m [37mGET[39m [37m/wd/hub/session/0fa49004-6bcc-44bf-b1b2-6fe868ede255/window/rect[39m
[38;5;0m[HTTP][0m [90m{}[39m
[38;5;0m[HTTP][0m [37m<-- GET /wd/hub/session/0fa49004-6bcc-44bf-b1b2-6fe868ede255/window/rect [39m[32m200[39m [90m15 ms - 49[39m
[38;5;0m[HTTP][0m [90m[39m
[38;5;0m[HTTP][0m [37m-->[39m [37mPOST[39m [37m/wd/hub/session/0fa49004-6bcc-44bf-b1b2-6fe868ede255/elements[39m
[38;5;0m[HTTP][0m [90m{"using":"xpath","value":"//hierarchy/android.widget.FrameLayout[1]/android.widget.LinearLayout[1]/android.widget.FrameLayout[1]/android.widget.LinearLayout[1]/android.widget.FrameLayout[1]/androidx.drawerlayout.widget.DrawerLayout[1]/android.widget.FrameLayout[1]/androidx.recyclerview.widget.RecyclerView[1]/android.widget.LinearLayout[1]/android.widget.LinearLayout[1]/android.widget.LinearLayout[1]/android.widget.LinearLayout[1]/android.widget.ImageView[1]"}[39m
[38;5;0m[HTTP][0m [37m<-- POST /wd/hub/session/0fa49004-6bcc-44bf-b1b2-6fe868ede255/elements [39m[32m200[39m [90m302 ms - 139[39m
[38;5;0m[HTTP][0m [90m[39m
[38;5;0m[HTTP][0m [37m-->[39m [37mGET[39m [37m/wd/hub/session/0fa49004-6bcc-44bf-b1b2-6fe868ede255/element/00000000-0000-0d71-ffff-ffff0000003f/location[39m
[38;5;0m[HTTP][0m [90m{}[39m
[38;5;48m[AndroidUiautomator2Driver@5f5a (0fa49004)][0m Driver proxy active, passing request on via HTTP proxy
[38;5;48m[AndroidUiautomator2Driver@5f5a (0fa49004)][0m Replacing sessionId c422a310-3f6b-4de4-a519-db219a9e42a9 with 0fa49004-6bcc-44bf-b1b2-6fe868ede255
[38;5;0m[HTTP][0m [37m<-- GET /wd/hub/session/0fa49004-6bcc-44bf-b1b2-6fe868ede255/element/00000000-0000-0d71-ffff-ffff0000003f/location [39m[32m200[39m [90m23 ms - 77[39m
[38;5;0m[HTTP][0m [90m[39m
[38;5;0m[HTTP][0m [37m-->[39m [37mPOST[39m [37m/wd/hub/session/0fa49004-6bcc-44bf-b1b2-6fe868ede255/element/00000000-0000-0d71-ffff-ffff0000003f/click[39m
[38;5;0m[HTTP][0m [90m{"id":"00000000-0000-0d71-ffff-ffff0000003f"}[39m
[38;5;0m[HTTP][0m [37m<-- POST /wd/hub/session/0fa49004-6bcc-44bf-b1b2-6fe868ede255/element/00000000-0000-0d71-ffff-ffff0000003f/click [39m[32m200[39m [90m57 ms - 14[39m
[38;5;0m[HTTP][0m [90m[39m
[38;5;0m[HTTP][0m [37m-->[39m [37mGET[39m [37m/wd/hub/session/0fa49004-6bcc-44bf-b1b2-6fe868ede255/source[39m
[38;5;0m[HTTP][0m [90m{}[39m
[38;5;48m[AndroidUiautomator2Driver@5f5a (0fa49004)][0m Driver proxy active, passing request on via HTTP proxy
[38;5;48m[AndroidUiautomator2Driver@5f5a (0fa49004)][0m Replacing sessionId c422a310-3f6b-4de4-a519-db219a9e42a9 with 0fa49004-6bcc-44bf-b1b2-6fe868ede255
[38;5;0m[HTTP][0m [37m<-- GET /wd/hub/session/0fa49004-6bcc-44bf-b1b2-6fe868ede255/source [39m[32m200[39m [90m792 ms - 15692[39m
[38;5;0m[HTTP][0m [90m[39m
[38;5;0m[HTTP][0m [37m-->[39m [37mGET[39m [37m/wd/hub/session/0fa49004-6bcc-44bf-b1b2-6fe868ede255/screenshot[39m
[38;5;0m[HTTP][0m [90m{}[39m
[38;5;0m[HTTP][0m [37m<-- GET /wd/hub/session/0fa49004-6bcc-44bf-b1b2-6fe868ede255/screenshot [39m[32m200[39m [90m426 ms - 63332[39m
[38;5;0m[HTTP][0m [90m[39m
[38;5;0m[HTTP][0m [37m-->[39m [37mPOST[39m [37m/wd/hub/session/0fa49004-6bcc-44bf-b1b2-6fe868ede255/elements[39m
[38;5;0m[HTTP][0m [90m{"using":"xpath","value":"//*[@class = 'android.widget.EditText' and (@text = '' or . = '')]"}[39m
[38;5;0m[HTTP][0m [37m<-- POST /wd/hub/session/0fa49004-6bcc-44bf-b1b2-6fe868ede255/elements [39m[32m200[39m [90m209 ms - 267[39m
[38;5;0m[HTTP][0m [90m[39m
[38;5;0m[HTTP][0m [37m-->[39m [37mPOST[39m [37m/wd/hub/session/0fa49004-6bcc-44bf-b1b2-6fe868ede255/elements[39m
[38;5;0m[HTTP][0m [90m{"using":"-android uiautomator","value":"new UiSelector().className(\"android.widget.EditText\")"}[39m
[38;5;0m[HTTP][0m [37m<-- POST /wd/hub/session/0fa49004-6bcc-44bf-b1b2-6fe868ede255/elements [39m[32m200[39m [90m103 ms - 267[39m
[38;5;0m[HTTP][0m [90m[39m
[38;5;0m[HTTP][0m [37m-->[39m [37mGET[39m [37m/wd/hub/session/0fa49004-6bcc-44bf-b1b2-6fe868ede255/window/rect[39m
[38;5;0m[HTTP][0m [90m{}[39m
[38;5;0m[HTTP][0m [37m<-- GET /wd/hub/session/0fa49004-6bcc-44bf-b1b2-6fe868ede255/window/rect [39m[32m200[39m [90m11 ms - 49[39m
[38;5;0m[HTTP][0m [90m[39m
[38;5;0m[HTTP][0m [37m-->[39m [37mPOST[39m [37m/wd/hub/session/0fa49004-6bcc-44bf-b1b2-6fe868ede255/elements[39m
[38;5;0m[HTTP][0m [90m{"using":"xpath","value":"//hierarchy/android.widget.FrameLayout[1]/android.widget.LinearLayout[1]/android.widget.FrameLayout[1]/android.widget.LinearLayout[1]/android.widget.FrameLayout[1]/android.widget.RelativeLayout[1]/android.widget.LinearLayout[2]/android.widget.RelativeLayout[3]/android.widget.EditText[1]"}[39m
[38;5;0m[HTTP][0m [37m<-- POST /wd/hub/session/0fa49004-6bcc-44bf-b1b2-6fe868ede255/elements [39m[32m200[39m [90m167 ms - 139[39m
[38;5;0m[HTTP][0m [90m[39m
[38;5;0m[HTTP][0m [37m-->[39m [37mGET[39m [37m/wd/hub/session/0fa49004-6bcc-44bf-b1b2-6fe868ede255/element/00000000-0000-0d7c-ffff-ffff000000b7/location[39m
[38;5;0m[HTTP][0m [90m{}[39m
[38;5;48m[AndroidUiautomator2Driver@5f5a (0fa49004)][0m Driver proxy active, passing request on via HTTP proxy
[38;5;48m[AndroidUiautomator2Driver@5f5a (0fa49004)][0m Replacing sessionId c422a310-3f6b-4de4-a519-db219a9e42a9 with 0fa49004-6bcc-44bf-b1b2-6fe868ede255
[38;5;0m[HTTP][0m [37m<-- GET /wd/hub/session/0fa49004-6bcc-44bf-b1b2-6fe868ede255/element/00000000-0000-0d7c-ffff-ffff000000b7/location [39m[32m200[39m [90m18 ms - 77[39m
[38;5;0m[HTTP][0m [90m[39m
[38;5;0m[HTTP][0m [37m-->[39m [37mPOST[39m [37m/wd/hub/session/0fa49004-6bcc-44bf-b1b2-6fe868ede255/element/00000000-0000-0d7c-ffff-ffff000000b7/click[39m
[38;5;0m[HTTP][0m [90m{"id":"00000000-0000-0d7c-ffff-ffff000000b7"}[39m
[38;5;0m[HTTP][0m [37m<-- POST /wd/hub/session/0fa49004-6bcc-44bf-b1b2-6fe868ede255/element/00000000-0000-0d7c-ffff-ffff000000b7/click [39m[32m200[39m [90m57 ms - 14[39m
[38;5;0m[HTTP][0m [90m[39m
[38;5;0m[HTTP][0m [37m-->[39m [37mGET[39m [37m/wd/hub/session/0fa49004-6bcc-44bf-b1b2-6fe868ede255/source[39m
[38;5;0m[HTTP][0m [90m{}[39m
[38;5;48m[AndroidUiautomator2Driver@5f5a (0fa49004)][0m Driver proxy active, passing request on via HTTP proxy
[38;5;48m[AndroidUiautomator2Driver@5f5a (0fa49004)][0m Replacing sessionId c422a310-3f6b-4de4-a519-db219a9e42a9 with 0fa49004-6bcc-44bf-b1b2-6fe868ede255
[38;5;0m[HTTP][0m [37m<-- GET /wd/hub/session/0fa49004-6bcc-44bf-b1b2-6fe868ede255/source [39m[32m200[39m [90m740 ms - 15691[39m
[38;5;0m[HTTP][0m [90m[39m
[38;5;0m[HTTP][0m [37m-->[39m [37mGET[39m [37m/wd/hub/session/0fa49004-6bcc-44bf-b1b2-6fe868ede255/screenshot[39m
[38;5;0m[HTTP][0m [90m{}[39m
[38;5;0m[HTTP][0m [37m<-- GET /wd/hub/session/0fa49004-6bcc-44bf-b1b2-6fe868ede255/screenshot [39m[32m200[39m [90m433 ms - 108380[39m
[38;5;0m[HTTP][0m [90m[39m
[38;5;0m[HTTP][0m [37m-->[39m [37mPOST[39m [37m/wd/hub/session/0fa49004-6bcc-44bf-b1b2-6fe868ede255/elements[39m
[38;5;0m[HTTP][0m [90m{"using":"xpath","value":"//*[@class = 'android.widget.TextView' and (@text = 'USER NAME' or . = 'USER NAME')]"}[39m
[38;5;0m[HTTP][0m [37m<-- POST /wd/hub/session/0fa49004-6bcc-44bf-b1b2-6fe868ede255/elements [39m[32m200[39m [90m246 ms - 139[39m
[38;5;0m[HTTP][0m [90m[39m
[38;5;0m[HTTP][0m [37m-->[39m [37mGET[39m [37m/wd/hub/session/0fa49004-6bcc-44bf-b1b2-6fe868ede255/window/rect[39m
[38;5;0m[HTTP][0m [90m{}[39m
[38;5;0m[HTTP][0m [37m<-- GET /wd/hub/session/0fa49004-6bcc-44bf-b1b2-6fe868ede255/window/rect [39m[32m200[39m [90m10 ms - 49[39m
[38;5;0m[HTTP][0m [90m[39m
[38;5;0m[HTTP][0m [37m-->[39m [37mPOST[39m [37m/wd/hub/session/0fa49004-6bcc-44bf-b1b2-6fe868ede255/elements[39m
[38;5;0m[HTTP][0m [90m{"using":"xpath","value":"//*[@class = 'android.widget.TextView' and (@text = 'USER NAME' or . = 'USER NAME')]"}[39m
[38;5;0m[HTTP][0m [37m<-- POST /wd/hub/session/0fa49004-6bcc-44bf-b1b2-6fe868ede255/elements [39m[32m200[39m [90m192 ms - 139[39m
[38;5;0m[HTTP][0m [90m[39m
[38;5;0m[HTTP][0m [37m-->[39m [37mGET[39m [37m/wd/hub/session/0fa49004-6bcc-44bf-b1b2-6fe868ede255/element/00000000-0000-0d7c-ffff-ffff000000b6/location[39m
[38;5;0m[HTTP][0m [90m{}[39m
[38;5;48m[AndroidUiautomator2Driver@5f5a (0fa49004)][0m Driver proxy active, passing request on via HTTP proxy
[38;5;48m[AndroidUiautomator2Driver@5f5a (0fa49004)][0m Replacing sessionId c422a310-3f6b-4de4-a519-db219a9e42a9 with 0fa49004-6bcc-44bf-b1b2-6fe868ede255
[38;5;0m[HTTP][0m [37m<-- GET /wd/hub/session/0fa49004-6bcc-44bf-b1b2-6fe868ede255/element/00000000-0000-0d7c-ffff-ffff000000b6/location [39m[32m200[39m [90m20 ms - 77[39m
[38;5;0m[HTTP][0m [90m[39m
[38;5;0m[HTTP][0m [37m-->[39m [37mPOST[39m [37m/wd/hub/session/0fa49004-6bcc-44bf-b1b2-6fe868ede255/element/00000000-0000-0d7c-ffff-ffff000000b6/clear[39m
[38;5;0m[HTTP][0m [90m{"id":"00000000-0000-0d7c-ffff-ffff000000b6"}[39m
[38;5;0m[HTTP][0m [37m<-- POST /wd/hub/session/0fa49004-6bcc-44bf-b1b2-6fe868ede255/element/00000000-0000-0d7c-ffff-ffff000000b6/clear [39m[32m200[39m [90m21 ms - 14[39m
[38;5;0m[HTTP][0m [90m[39m
[38;5;0m[HTTP][0m [37m-->[39m [37mPOST[39m [37m/wd/hub/session/0fa49004-6bcc-44bf-b1b2-6fe868ede255/element/00000000-0000-0d7c-ffff-ffff000000b6/click[39m
[38;5;0m[HTTP][0m [90m{"id":"00000000-0000-0d7c-ffff-ffff000000b6"}[39m
[38;5;0m[HTTP][0m [37m<-- POST /wd/hub/session/0fa49004-6bcc-44bf-b1b2-6fe868ede255/element/00000000-0000-0d7c-ffff-ffff000000b6/click [39m[32m200[39m [90m56 ms - 14[39m
[38;5;0m[HTTP][0m [90m[39m
[38;5;0m[HTTP][0m [37m-->[39m [37mPOST[39m [37m/wd/hub/session/0fa49004-6bcc-44bf-b1b2-6fe868ede255/element/00000000-0000-0d7c-ffff-ffff000000b6/value[39m
[38;5;0m[HTTP][0m [90m{"id":"00000000-0000-0d7c-ffff-ffff000000b6","text":"cicicaca13","value":["c","i","c","i","c","a","c","a","1","3"]}[39m
[38;5;48m[AndroidUiautomator2Driver@5f5a (0fa49004)][0m Got response with status 400: {"sessionId":"c422a310-3f6b-4de4-a519-db219a9e42a9","value":{"error":"invalid element state","message":"Cannot set the element to 'cicicaca13'. Did you interact with the correct element?","stacktrace":"io.appium.uiautomator2.common.exceptions.InvalidElementStateException: Cannot set the element to 'cicicaca13'. Did you interact with the correct element?\n\tat io.appium.uiautomator2.handler.SendKeysToElement.setText(SendKeysToElement.java:87)\n\tat io.appium.uiautomator2.handler.SendKeysToElement.safeHandle(SendKeysToElement.java:115)\n\tat io.appium.uiautomator2.handler.request.SafeRequestHandler.handle(SafeRequestHandler.java:59)\n\tat io.appium.uiautomator2.server.AppiumServlet.handleRequest(AppiumServlet.java:259)\n\tat io.appium.uiautomator2.server.AppiumServlet.handleHttpRequest(AppiumServlet.java:253)\n\tat io.appium.uiautomator2.http.ServerHandler.channelRead(ServerHandler.java:77)\n\tat io.netty.channel.AbstractChannelHandlerContext.invokeChannelRead(AbstractChannelHandlerContext.java:366)\n\tat io...
[38;5;0m[HTTP][0m [37m<-- POST /wd/hub/session/0fa49004-6bcc-44bf-b1b2-6fe868ede255/element/00000000-0000-0d7c-ffff-ffff000000b6/value [39m[33m400[39m [90m928 ms - 3900[39m
[38;5;0m[HTTP][0m [90m[39m
[38;5;0m[HTTP][0m [37m-->[39m [37mPOST[39m [37m/wd/hub/session/0fa49004-6bcc-44bf-b1b2-6fe868ede255/elements[39m
[38;5;0m[HTTP][0m [90m{"using":"xpath","value":"//*[@class = 'android.widget.TextView' and (@text = 'USER NAME' or . = 'USER NAME')]"}[39m
[38;5;0m[HTTP][0m [37m<-- POST /wd/hub/session/0fa49004-6bcc-44bf-b1b2-6fe868ede255/elements [39m[32m200[39m [90m220 ms - 139[39m
[38;5;0m[HTTP][0m [90m[39m
[38;5;0m[HTTP][0m [37m-->[39m [37mGET[39m [37m/wd/hub/session/0fa49004-6bcc-44bf-b1b2-6fe868ede255/window/rect[39m
[38;5;0m[HTTP][0m [90m{}[39m
[38;5;0m[HTTP][0m [37m<-- GET /wd/hub/session/0fa49004-6bcc-44bf-b1b2-6fe868ede255/window/rect [39m[32m200[39m [90m9 ms - 49[39m
[38;5;0m[HTTP][0m [90m[39m
[38;5;0m[HTTP][0m [37m-->[39m [37mPOST[39m [37m/wd/hub/session/0fa49004-6bcc-44bf-b1b2-6fe868ede255/elements[39m
[38;5;0m[HTTP][0m [90m{"using":"xpath","value":"//*[@class = 'android.widget.TextView' and (@text = 'USER NAME' or . = 'USER NAME')]"}[39m
[38;5;0m[HTTP][0m [37m<-- POST /wd/hub/session/0fa49004-6bcc-44bf-b1b2-6fe868ede255/elements [39m[32m200[39m [90m186 ms - 139[39m
[38;5;0m[HTTP][0m [90m[39m
[38;5;0m[HTTP][0m [37m-->[39m [37mGET[39m [37m/wd/hub/session/0fa49004-6bcc-44bf-b1b2-6fe868ede255/element/00000000-0000-0d7c-ffff-ffff000000b6/location[39m
[38;5;0m[HTTP][0m [90m{}[39m
[38;5;48m[AndroidUiautomator2Driver@5f5a (0fa49004)][0m Driver proxy active, passing request on via HTTP proxy
[38;5;48m[AndroidUiautomator2Driver@5f5a (0fa49004)][0m Replacing sessionId c422a310-3f6b-4de4-a519-db219a9e42a9 with 0fa49004-6bcc-44bf-b1b2-6fe868ede255
[38;5;0m[HTTP][0m [37m<-- GET /wd/hub/session/0fa49004-6bcc-44bf-b1b2-6fe868ede255/element/00000000-0000-0d7c-ffff-ffff000000b6/location [39m[32m200[39m [90m21 ms - 77[39m
[38;5;0m[HTTP][0m [90m[39m
[38;5;0m[HTTP][0m [37m-->[39m [37mPOST[39m [37m/wd/hub/session/0fa49004-6bcc-44bf-b1b2-6fe868ede255/element/00000000-0000-0d7c-ffff-ffff000000b6/click[39m
[38;5;0m[HTTP][0m [90m{"id":"00000000-0000-0d7c-ffff-ffff000000b6"}[39m
[38;5;0m[HTTP][0m [37m<-- POST /wd/hub/session/0fa49004-6bcc-44bf-b1b2-6fe868ede255/element/00000000-0000-0d7c-ffff-ffff000000b6/click [39m[32m200[39m [90m66 ms - 14[39m
[38;5;0m[HTTP][0m [90m[39m
[38;5;0m[HTTP][0m [37m-->[39m [37mGET[39m [37m/wd/hub/session/0fa49004-6bcc-44bf-b1b2-6fe868ede255/source[39m
[38;5;0m[HTTP][0m [90m{}[39m
[38;5;48m[AndroidUiautomator2Driver@5f5a (0fa49004)][0m Driver proxy active, passing request on via HTTP proxy
[38;5;48m[AndroidUiautomator2Driver@5f5a (0fa49004)][0m Replacing sessionId c422a310-3f6b-4de4-a519-db219a9e42a9 with 0fa49004-6bcc-44bf-b1b2-6fe868ede255
[38;5;0m[HTTP][0m [37m<-- GET /wd/hub/session/0fa49004-6bcc-44bf-b1b2-6fe868ede255/source [39m[32m200[39m [90m383 ms - 15691[39m
[38;5;0m[HTTP][0m [90m[39m
[38;5;0m[HTTP][0m [37m-->[39m [37mGET[39m [37m/wd/hub/session/0fa49004-6bcc-44bf-b1b2-6fe868ede255/screenshot[39m
[38;5;0m[HTTP][0m [90m{}[39m
[38;5;0m[HTTP][0m [37m<-- GET /wd/hub/session/0fa49004-6bcc-44bf-b1b2-6fe868ede255/screenshot [39m[32m200[39m [90m433 ms - 108356[39m
[38;5;0m[HTTP][0m [90m[39m
[38;5;0m[HTTP][0m [37m-->[39m [37mPOST[39m [37m/wd/hub/session/0fa49004-6bcc-44bf-b1b2-6fe868ede255/elements[39m
[38;5;0m[HTTP][0m [90m{"using":"xpath","value":"//*[@class = 'android.widget.TextView' and (@text = 'PASSWORD' or . = 'PASSWORD')]"}[39m
[38;5;0m[HTTP][0m [37m<-- POST /wd/hub/session/0fa49004-6bcc-44bf-b1b2-6fe868ede255/elements [39m[32m200[39m [90m209 ms - 139[39m
[38;5;0m[HTTP][0m [90m[39m
[38;5;0m[HTTP][0m [37m-->[39m [37mGET[39m [37m/wd/hub/session/0fa49004-6bcc-44bf-b1b2-6fe868ede255/window/rect[39m
[38;5;0m[HTTP][0m [90m{}[39m
[38;5;0m[HTTP][0m [37m<-- GET /wd/hub/session/0fa49004-6bcc-44bf-b1b2-6fe868ede255/window/rect [39m[32m200[39m [90m12 ms - 49[39m
[38;5;0m[HTTP][0m [90m[39m
[38;5;0m[HTTP][0m [37m-->[39m [37mPOST[39m [37m/wd/hub/session/0fa49004-6bcc-44bf-b1b2-6fe868ede255/elements[39m
[38;5;0m[HTTP][0m [90m{"using":"xpath","value":"//*[@class = 'android.widget.TextView' and (@text = 'USER NAME' or . = 'USER NAME')]"}[39m
[38;5;0m[HTTP][0m [37m<-- POST /wd/hub/session/0fa49004-6bcc-44bf-b1b2-6fe868ede255/elements [39m[32m200[39m [90m215 ms - 139[39m
[38;5;0m[HTTP][0m [90m[39m
[38;5;0m[HTTP][0m [37m-->[39m [37mGET[39m [37m/wd/hub/session/0fa49004-6bcc-44bf-b1b2-6fe868ede255/element/00000000-0000-0d7c-ffff-ffff000000b6/location[39m
[38;5;0m[HTTP][0m [90m{}[39m
[38;5;48m[AndroidUiautomator2Driver@5f5a (0fa49004)][0m Driver proxy active, passing request on via HTTP proxy
[38;5;48m[AndroidUiautomator2Driver@5f5a (0fa49004)][0m Replacing sessionId c422a310-3f6b-4de4-a519-db219a9e42a9 with 0fa49004-6bcc-44bf-b1b2-6fe868ede255
[38;5;0m[HTTP][0m [37m<-- GET /wd/hub/session/0fa49004-6bcc-44bf-b1b2-6fe868ede255/element/00000000-0000-0d7c-ffff-ffff000000b6/location [39m[32m200[39m [90m17 ms - 77[39m
[38;5;0m[HTTP][0m [90m[39m
[38;5;0m[HTTP][0m [37m-->[39m [37mPOST[39m [37m/wd/hub/session/0fa49004-6bcc-44bf-b1b2-6fe868ede255/element/00000000-0000-0d7c-ffff-ffff000000b6/clear[39m
[38;5;0m[HTTP][0m [90m{"id":"00000000-0000-0d7c-ffff-ffff000000b6"}[39m
[38;5;0m[HTTP][0m [37m<-- POST /wd/hub/session/0fa49004-6bcc-44bf-b1b2-6fe868ede255/element/00000000-0000-0d7c-ffff-ffff000000b6/clear [39m[32m200[39m [90m20 ms - 14[39m
[38;5;0m[HTTP][0m [90m[39m
[38;5;0m[HTTP][0m [37m-->[39m [37mPOST[39m [37m/wd/hub/session/0fa49004-6bcc-44bf-b1b2-6fe868ede255/element/00000000-0000-0d7c-ffff-ffff000000b6/click[39m
[38;5;0m[HTTP][0m [90m{"id":"00000000-0000-0d7c-ffff-ffff000000b6"}[39m
[38;5;0m[HTTP][0m [37m<-- POST /wd/hub/session/0fa49004-6bcc-44bf-b1b2-6fe868ede255/element/00000000-0000-0d7c-ffff-ffff000000b6/click [39m[32m200[39m [90m59 ms - 14[39m
[38;5;0m[HTTP][0m [90m[39m
[38;5;0m[HTTP][0m [37m-->[39m [37mPOST[39m [37m/wd/hub/session/0fa49004-6bcc-44bf-b1b2-6fe868ede255/element/00000000-0000-0d7c-ffff-ffff000000b6/value[39m
[38;5;0m[HTTP][0m [90m{"id":"00000000-0000-0d7c-ffff-ffff000000b6","text":"cicicaca13","value":["c","i","c","i","c","a","c","a","1","3"]}[39m
[38;5;48m[AndroidUiautomator2Driver@5f5a (0fa49004)][0m Got response with status 400: {"sessionId":"c422a310-3f6b-4de4-a519-db219a9e42a9","value":{"error":"invalid element state","message":"Cannot set the element to 'cicicaca13'. Did you interact with the correct element?","stacktrace":"io.appium.uiautomator2.common.exceptions.InvalidElementStateException: Cannot set the element to 'cicicaca13'. Did you interact with the correct element?\n\tat io.appium.uiautomator2.handler.SendKeysToElement.setText(SendKeysToElement.java:87)\n\tat io.appium.uiautomator2.handler.SendKeysToElement.safeHandle(SendKeysToElement.java:115)\n\tat io.appium.uiautomator2.handler.request.SafeRequestHandler.handle(SafeRequestHandler.java:59)\n\tat io.appium.uiautomator2.server.AppiumServlet.handleRequest(AppiumServlet.java:259)\n\tat io.appium.uiautomator2.server.AppiumServlet.handleHttpRequest(AppiumServlet.java:253)\n\tat io.appium.uiautomator2.http.ServerHandler.channelRead(ServerHandler.java:77)\n\tat io.netty.channel.AbstractChannelHandlerContext.invokeChannelRead(AbstractChannelHandlerContext.java:366)\n\tat io...
[38;5;0m[HTTP][0m [37m<-- POST /wd/hub/session/0fa49004-6bcc-44bf-b1b2-6fe868ede255/element/00000000-0000-0d7c-ffff-ffff000000b6/value [39m[33m400[39m [90m881 ms - 3900[39m
[38;5;0m[HTTP][0m [90m[39m
[38;5;0m[HTTP][0m [37m-->[39m [37mDELETE[39m [37m/wd/hub/session/0fa49004-6bcc-44bf-b1b2-6fe868ede255[39m
[38;5;0m[HTTP][0m [90m{}[39m
[38;5;16m[AppiumDriver@c4ba][0m Removing session 0fa49004-6bcc-44bf-b1b2-6fe868ede255 from our master session list
[38;5;48m[AndroidUiautomator2Driver@5f5a (0fa49004)][0m Restoring hidden api policy to the device default configuration
[38;5;0m[HTTP][0m [37m<-- DELETE /wd/hub/session/0fa49004-6bcc-44bf-b1b2-6fe868ede255 [39m[32m200[39m [90m276 ms - 14[39m
[38;5;0m[HTTP][0m [90m[39m
